<?xml version="1.0" encoding="UTF-8"?>
<testsuite xmlns:xsi="http://www.w3.org/2001/XMLSchema-instance" xsi:noNamespaceSchemaLocation="https://maven.apache.org/surefire/maven-surefire-plugin/xsd/surefire-test-report.xsd" name="TestCase" time="0.077" tests="21" errors="0" skipped="0" failures="8">
  <properties>
[...]
</properties>
  <testcase name="Q8TestCase1" classname="TestCase" time="0.018"/>
  <testcase name="Q7TestCase1" classname="TestCase" time="0"/>
  <testcase name="Q7TestCase2" classname="TestCase" time="0.015"/>
  <testcase name="Q6TestCase1" classname="TestCase" time="0"/>
  <testcase name="Q6TestCase2" classname="TestCase" time="0"/>
  <testcase name="Q6TestCase3" classname="TestCase" time="0"/>
  <testcase name="Q5TestCase1" classname="TestCase" time="0"/>
  <testcase name="Q5TestCase2" classname="TestCase" time="0"/>
  <testcase name="Q5TestCase3" classname="TestCase" time="0"/>
  <testcase name="Q4TestCase1" classname="TestCase" time="0"/>
  <testcase name="Q4TestCase2" classname="TestCase" time="0.023">
    <failure message="Nhap sai roi nguoi ae" type="org.opentest4j.AssertionFailedError">org.opentest4j.AssertionFailedError: Nhap sai roi nguoi ae
	at TestCase.Q4TestCase2(TestCase.java:121)
</failure>
  </testcase>
  <testcase name="Q4TestCase3" classname="TestCase" time="0.001">
    <failure message="expected: &lt;2.5&gt; but was: &lt;2.0&gt;" type="org.opentest4j.AssertionFailedError"><![CDATA[org.opentest4j.AssertionFailedError: expected: <2.5> but was: <2.0>
	at TestCase.Q4TestCase3(TestCase.java:131)
]]></failure>
  </testcase>
  <testcase name="Q3TestCase1" classname="TestCase" time="0"/>
  <testcase name="Q3TestCase2" classname="TestCase" time="0.001">
    <failure message="expected: &lt;3.025E9&gt; but was: &lt;-1.269967296E9&gt;" type="org.opentest4j.AssertionFailedError"><![CDATA[org.opentest4j.AssertionFailedError: expected: <3.025E9> but was: <-1.269967296E9>
	at TestCase.Q3TestCase2(TestCase.java:91)
]]></failure>
  </testcase>
  <testcase name="Q3TestCase3" classname="TestCase" time="0.001">
    <failure message="expected: &lt;-3.025E9&gt; but was: &lt;1.269967296E9&gt;" type="org.opentest4j.AssertionFailedError"><![CDATA[org.opentest4j.AssertionFailedError: expected: <-3.025E9> but was: <1.269967296E9>
	at TestCase.Q3TestCase3(TestCase.java:101)
]]></failure>
  </testcase>
  <testcase name="Q2TestCase1" classname="TestCase" time="0.001"/>
  <testcase name="Q2TestCase2" classname="TestCase" time="0.001">
    <failure message="expected: &lt;3.0E9&gt; but was: &lt;-1.294967296E9&gt;" type="org.opentest4j.AssertionFailedError"><![CDATA[org.opentest4j.AssertionFailedError: expected: <3.0E9> but was: <-1.294967296E9>
	at TestCase.Q2TestCase2(TestCase.java:62)
]]></failure>
  </testcase>
  <testcase name="Q2TestCase3" classname="TestCase" time="0.001">
    <failure message="expected: &lt;-3.0E9&gt; but was: &lt;1.294967296E9&gt;" type="org.opentest4j.AssertionFailedError"><![CDATA[org.opentest4j.AssertionFailedError: expected: <-3.0E9> but was: <1.294967296E9>
	at TestCase.Q2TestCase3(TestCase.java:72)
]]></failure>
  </testcase>
  <testcase name="Q1TestCase1" classname="TestCase" time="0.001"/>
  <testcase name="Q1TestCase2" classname="TestCase" time="0.001">
    <failure message="expected: &lt;3.0E9&gt; but was: &lt;-1.294967296E9&gt;" type="org.opentest4j.AssertionFailedError"><![CDATA[org.opentest4j.AssertionFailedError: expected: <3.0E9> but was: <-1.294967296E9>
	at TestCase.Q1TestCase2(TestCase.java:34)
]]></failure>
  </testcase>
  <testcase name="Q1TestCase3" classname="TestCase" time="0.001">
    <failure message="expected: &lt;-3.0E9&gt; but was: &lt;1.294967296E9&gt;" type="org.opentest4j.AssertionFailedError"><![CDATA[org.opentest4j.AssertionFailedError: expected: <-3.0E9> but was: <1.294967296E9>
	at TestCase.Q1TestCase3(TestCase.java:43)
]]></failure>
  </testcase>
</testsuite>