<?xml version="1.0" encoding="UTF-8"?>
<testsuite xmlns:xsi="http://www.w3.org/2001/XMLSchema-instance" xsi:noNamespaceSchemaLocation="https://maven.apache.org/surefire/maven-surefire-plugin/xsd/surefire-test-report.xsd" name="TestCase" time="0.077" tests="21" errors="0" skipped="0" failures="8">
  <properties>
    <property name="java.specification.version" value="18"/>
    <property name="sun.cpu.isalist" value="amd64"/>
    <property name="sun.jnu.encoding" value="Cp1252"/>
    <property name="java.class.path" value="C:\Users\TrMTu\Documents\NetBeansProjects\unitest\target\test-classes;C:\Users\TrMTu\Documents\NetBeansProjects\unitest\target\classes;C:\Users\TrMTu\.m2\repository\org\junit\jupiter\junit-jupiter-api\5.6.0\junit-jupiter-api-5.6.0.jar;C:\Users\TrMTu\.m2\repository\org\apiguardian\apiguardian-api\1.1.0\apiguardian-api-1.1.0.jar;C:\Users\TrMTu\.m2\repository\org\opentest4j\opentest4j\1.2.0\opentest4j-1.2.0.jar;C:\Users\TrMTu\.m2\repository\org\junit\platform\junit-platform-commons\1.6.0\junit-platform-commons-1.6.0.jar;C:\Users\TrMTu\.m2\repository\org\junit\jupiter\junit-jupiter-params\5.6.0\junit-jupiter-params-5.6.0.jar;C:\Users\TrMTu\.m2\repository\org\junit\jupiter\junit-jupiter-engine\5.6.0\junit-jupiter-engine-5.6.0.jar;C:\Users\TrMTu\.m2\repository\org\junit\platform\junit-platform-engine\1.6.0\junit-platform-engine-1.6.0.jar;"/>
    <property name="java.vm.vendor" value="Oracle Corporation"/>
    <property name="sun.arch.data.model" value="64"/>
    <property name="user.variant" value=""/>
    <property name="java.vendor.url" value="https://java.oracle.com/"/>
    <property name="user.timezone" value="Asia/Saigon"/>
    <property name="os.name" value="Windows 10"/>
    <property name="java.vm.specification.version" value="18"/>
    <property name="user.country" value="US"/>
    <property name="sun.java.launcher" value="SUN_STANDARD"/>
    <property name="sun.boot.library.path" value="C:\Program Files\Java\jdk-18\bin"/>
    <property name="sun.java.command" value="C:\Users\TrMTu\AppData\Local\Temp\surefire11622643745837517627\surefirebooter2411244236775714613.jar C:\Users\TrMTu\AppData\Local\Temp\surefire11622643745837517627 2022-05-11T19-42-44_805-jvmRun1 surefire6508139446765022427tmp surefire_0398738058620738793tmp"/>
    <property name="jdk.debug" value="release"/>
    <property name="test" value="TestCase"/>
    <property name="surefire.test.class.path" value="C:\Users\TrMTu\Documents\NetBeansProjects\unitest\target\test-classes;C:\Users\TrMTu\Documents\NetBeansProjects\unitest\target\classes;C:\Users\TrMTu\.m2\repository\org\junit\jupiter\junit-jupiter-api\5.6.0\junit-jupiter-api-5.6.0.jar;C:\Users\TrMTu\.m2\repository\org\apiguardian\apiguardian-api\1.1.0\apiguardian-api-1.1.0.jar;C:\Users\TrMTu\.m2\repository\org\opentest4j\opentest4j\1.2.0\opentest4j-1.2.0.jar;C:\Users\TrMTu\.m2\repository\org\junit\platform\junit-platform-commons\1.6.0\junit-platform-commons-1.6.0.jar;C:\Users\TrMTu\.m2\repository\org\junit\jupiter\junit-jupiter-params\5.6.0\junit-jupiter-params-5.6.0.jar;C:\Users\TrMTu\.m2\repository\org\junit\jupiter\junit-jupiter-engine\5.6.0\junit-jupiter-engine-5.6.0.jar;C:\Users\TrMTu\.m2\repository\org\junit\platform\junit-platform-engine\1.6.0\junit-platform-engine-1.6.0.jar;"/>
    <property name="sun.cpu.endian" value="little"/>
    <property name="user.home" value="C:\Users\TrMTu"/>
    <property name="user.language" value="en"/>
    <property name="java.specification.vendor" value="Oracle Corporation"/>
    <property name="java.version.date" value="2022-03-22"/>
    <property name="java.home" value="C:\Program Files\Java\jdk-18"/>
    <property name="file.separator" value="\"/>
    <property name="basedir" value="C:\Users\TrMTu\Documents\NetBeansProjects\unitest"/>
    <property name="java.vm.compressedOopsMode" value="32-bit"/>
    <property name="line.separator" value="&#10;"/>
    <property name="java.vm.specification.vendor" value="Oracle Corporation"/>
    <property name="java.specification.name" value="Java Platform API Specification"/>
    <property name="surefire.real.class.path" value="C:\Users\TrMTu\AppData\Local\Temp\surefire11622643745837517627\surefirebooter2411244236775714613.jar"/>
    <property name="user.script" value=""/>
    <property name="sun.management.compiler" value="HotSpot 64-Bit Tiered Compilers"/>
    <property name="java.runtime.version" value="18+36-2087"/>
    <property name="user.name" value="TrMTu"/>
    <property name="path.separator" value=";"/>
    <property name="os.version" value="10.0"/>
    <property name="java.runtime.name" value="Java(TM) SE Runtime Environment"/>
    <property name="file.encoding" value="UTF-8"/>
    <property name="java.vm.name" value="Java HotSpot(TM) 64-Bit Server VM"/>
    <property name="maven.ext.class.path" value="D:\NetBeans-13\netbeans\java\maven-nblib\netbeans-eventspy.jar"/>
    <property name="localRepository" value="C:\Users\TrMTu\.m2\repository"/>
    <property name="java.vendor.url.bug" value="https://bugreport.java.com/bugreport/"/>
    <property name="java.io.tmpdir" value="C:\Users\TrMTu\AppData\Local\Temp\"/>
    <property name="java.version" value="18"/>
    <property name="user.dir" value="C:\Users\TrMTu\Documents\NetBeansProjects\unitest"/>
    <property name="os.arch" value="amd64"/>
    <property name="java.vm.specification.name" value="Java Virtual Machine Specification"/>
    <property name="sun.os.patch.level" value=""/>
    <property name="native.encoding" value="Cp1252"/>
    <property name="java.library.path" value="C:\Program Files\Java\jdk-18\bin;C:\WINDOWS\Sun\Java\bin;C:\WINDOWS\system32;C:\WINDOWS;C:\Program Files\Common Files\Oracle\Java\javapath;C:\Program Files\Microsoft\jdk-11.0.12.7-hotspot\bin;C:\WINDOWS\system32;C:\WINDOWS;C:\WINDOWS\System32\Wbem;C:\WINDOWS\System32\WindowsPowerShell\v1.0\;C:\Program Files (x86)\IncrediBuild;C:\WINDOWS\System32\OpenSSH\;C:\Program Files\Microsoft SQL Server\150\Tools\Binn\;C:\Program Files\Microsoft SQL Server\Client SDK\ODBC\170\Tools\Binn\;C:\Program Files\Git\cmd;C:\Program Files\Java\jdk-18\bin\server;C:\ProgramData\chocolatey\bin;C:\Program Files\Java\jdk1.8.0_211\bin;C:\Android\android-sdk\tools;C:\Android\android-sdk\platform-tools;C:\Android\android-sdk\tools\bin;C:\Program Files\dotnet\;C:\Program Files\VisualSVN Server\bin;C:\Program Files\TortoiseSVN\bin;D:\ANT\apache-ant-1.10.12\bin;C:\Users\TrMTu\AppData\Local\Microsoft\WindowsApps;C:\Users\TrMTu\AppData\Local\GitHubDesktop\bin;C:\tools\dart-sdk\bin;C:\Users\TrMTu\AppData\Roaming\Pub\Cache\bin;;D:\Microsoft VS Code\bin;C:\tools\flutter\bin;C:\Users\TrMTu\.dotnet\tools;."/>
    <property name="java.vm.info" value="mixed mode, sharing"/>
    <property name="java.vendor" value="Oracle Corporation"/>
    <property name="java.vm.version" value="18+36-2087"/>
    <property name="sun.io.unicode.encoding" value="UnicodeLittle"/>
    <property name="java.class.version" value="62.0"/>
  </properties>
  <testcase name="Q8TestCase1" classname="TestCase" time="0.018"/>
  <testcase name="Q7TestCase1" classname="TestCase" time="0"/>
  <testcase name="Q7TestCase2" classname="TestCase" time="0.015"/>
  <testcase name="Q6TestCase1" classname="TestCase" time="0"/>
  <testcase name="Q6TestCase2" classname="TestCase" time="0"/>
  <testcase name="Q6TestCase3" classname="TestCase" time="0"/>
  <testcase name="Q5TestCase1" classname="TestCase" time="0"/>
  <testcase name="Q5TestCase2" classname="TestCase" time="0"/>
  <testcase name="Q5TestCase3" classname="TestCase" time="0"/>
  <testcase name="Q4TestCase1" classname="TestCase" time="0"/>
  <testcase name="Q4TestCase2" classname="TestCase" time="0.023">
    <failure message="Nhap sai roi nguoi ae" type="org.opentest4j.AssertionFailedError">org.opentest4j.AssertionFailedError: Nhap sai roi nguoi ae
	at TestCase.Q4TestCase2(TestCase.java:121)
</failure>
  </testcase>
  <testcase name="Q4TestCase3" classname="TestCase" time="0.001">
    <failure message="expected: &lt;2.5&gt; but was: &lt;2.0&gt;" type="org.opentest4j.AssertionFailedError"><![CDATA[org.opentest4j.AssertionFailedError: expected: <2.5> but was: <2.0>
	at TestCase.Q4TestCase3(TestCase.java:131)
]]></failure>
  </testcase>
  <testcase name="Q3TestCase1" classname="TestCase" time="0"/>
  <testcase name="Q3TestCase2" classname="TestCase" time="0.001">
    <failure message="expected: &lt;3.025E9&gt; but was: &lt;-1.269967296E9&gt;" type="org.opentest4j.AssertionFailedError"><![CDATA[org.opentest4j.AssertionFailedError: expected: <3.025E9> but was: <-1.269967296E9>
	at TestCase.Q3TestCase2(TestCase.java:91)
]]></failure>
  </testcase>
  <testcase name="Q3TestCase3" classname="TestCase" time="0.001">
    <failure message="expected: &lt;-3.025E9&gt; but was: &lt;1.269967296E9&gt;" type="org.opentest4j.AssertionFailedError"><![CDATA[org.opentest4j.AssertionFailedError: expected: <-3.025E9> but was: <1.269967296E9>
	at TestCase.Q3TestCase3(TestCase.java:101)
]]></failure>
  </testcase>
  <testcase name="Q2TestCase1" classname="TestCase" time="0.001"/>
  <testcase name="Q2TestCase2" classname="TestCase" time="0.001">
    <failure message="expected: &lt;3.0E9&gt; but was: &lt;-1.294967296E9&gt;" type="org.opentest4j.AssertionFailedError"><![CDATA[org.opentest4j.AssertionFailedError: expected: <3.0E9> but was: <-1.294967296E9>
	at TestCase.Q2TestCase2(TestCase.java:62)
]]></failure>
  </testcase>
  <testcase name="Q2TestCase3" classname="TestCase" time="0.001">
    <failure message="expected: &lt;-3.0E9&gt; but was: &lt;1.294967296E9&gt;" type="org.opentest4j.AssertionFailedError"><![CDATA[org.opentest4j.AssertionFailedError: expected: <-3.0E9> but was: <1.294967296E9>
	at TestCase.Q2TestCase3(TestCase.java:72)
]]></failure>
  </testcase>
  <testcase name="Q1TestCase1" classname="TestCase" time="0.001"/>
  <testcase name="Q1TestCase2" classname="TestCase" time="0.001">
    <failure message="expected: &lt;3.0E9&gt; but was: &lt;-1.294967296E9&gt;" type="org.opentest4j.AssertionFailedError"><![CDATA[org.opentest4j.AssertionFailedError: expected: <3.0E9> but was: <-1.294967296E9>
	at TestCase.Q1TestCase2(TestCase.java:34)
]]></failure>
  </testcase>
  <testcase name="Q1TestCase3" classname="TestCase" time="0.001">
    <failure message="expected: &lt;-3.0E9&gt; but was: &lt;1.294967296E9&gt;" type="org.opentest4j.AssertionFailedError"><![CDATA[org.opentest4j.AssertionFailedError: expected: <-3.0E9> but was: <1.294967296E9>
	at TestCase.Q1TestCase3(TestCase.java:43)
]]></failure>
  </testcase>
</testsuite>