<?xml version="1.0" encoding="UTF-8"?>
<testsuite xmlns:xsi="http://www.w3.org/2001/XMLSchema-instance" xsi:noNamespaceSchemaLocation="https://maven.apache.org/surefire/maven-surefire-plugin/xsd/surefire-test-report.xsd" name="tu.Unittest" time="88.734" tests="48" errors="0" skipped="0" failures="23">
  <properties>
[...]
</properties>
  <testcase name="Q17TestCase1" classname="tu.Unittest" time="0.027"/>
  <testcase name="Q17TestCase2" classname="tu.Unittest" time="0.011">
    <failure message="expected: &lt;6&gt; but was: &lt;0&gt;" type="org.opentest4j.AssertionFailedError"><![CDATA[org.opentest4j.AssertionFailedError: expected: <6> but was: <0>
	at tu.Unittest.Q17TestCase2(Unittest.java:457)
]]></failure>
  </testcase>
  <testcase name="Q17TestCase3" classname="tu.Unittest" time="0.002">
    <failure message="expected: &lt;5&gt; but was: &lt;0&gt;" type="org.opentest4j.AssertionFailedError"><![CDATA[org.opentest4j.AssertionFailedError: expected: <5> but was: <0>
	at tu.Unittest.Q17TestCase3(Unittest.java:467)
]]></failure>
  </testcase>
  <testcase name="Q17TestCase4" classname="tu.Unittest" time="0.001">
    <failure message="expected: &lt;5&gt; but was: &lt;0&gt;" type="org.opentest4j.AssertionFailedError"><![CDATA[org.opentest4j.AssertionFailedError: expected: <5> but was: <0>
	at tu.Unittest.Q17TestCase4(Unittest.java:472)
]]></failure>
  </testcase>
  <testcase name="Q16TestCase1" classname="tu.Unittest" time="0.008"/>
  <testcase name="Q16TestCase2" classname="tu.Unittest" time="0.002">
    <failure message="Nhap sai roi cha noi" type="org.opentest4j.AssertionFailedError">org.opentest4j.AssertionFailedError: Nhap sai roi cha noi
	at tu.Unittest.Q16TestCase2(Unittest.java:421)
</failure>
  </testcase>
  <testcase name="Q16TestCase3" classname="tu.Unittest" time="0.001">
    <failure message="Nhap sai roi cha" type="org.opentest4j.AssertionFailedError">org.opentest4j.AssertionFailedError: Nhap sai roi cha
	at tu.Unittest.Q16TestCase3(Unittest.java:434)
</failure>
  </testcase>
  <testcase name="Q16TestCase4" classname="tu.Unittest" time="0.001">
    <failure message="Nhap sai roi cha" type="org.opentest4j.AssertionFailedError">org.opentest4j.AssertionFailedError: Nhap sai roi cha
	at tu.Unittest.Q16TestCase4(Unittest.java:443)
</failure>
  </testcase>
  <testcase name="Q17TestCase22" classname="tu.Unittest" time="0.001">
    <failure message="expected: &lt;4&gt; but was: &lt;0&gt;" type="org.opentest4j.AssertionFailedError"><![CDATA[org.opentest4j.AssertionFailedError: expected: <4> but was: <0>
	at tu.Unittest.Q17TestCase22(Unittest.java:462)
]]></failure>
  </testcase>
  <testcase name="Q9TestCase1" classname="tu.Unittest" time="0.003">
    <failure message="expected: &lt;2&gt; but was: &lt;1&gt;" type="org.opentest4j.AssertionFailedError"><![CDATA[org.opentest4j.AssertionFailedError: expected: <2> but was: <1>
	at tu.Unittest.Q9TestCase1(Unittest.java:249)
]]></failure>
  </testcase>
  <testcase name="Q9TestCase2" classname="tu.Unittest" time="0.001">
    <failure message="expected: &lt;2&gt; but was: &lt;1&gt;" type="org.opentest4j.AssertionFailedError"><![CDATA[org.opentest4j.AssertionFailedError: expected: <2> but was: <1>
	at tu.Unittest.Q9TestCase2(Unittest.java:258)
]]></failure>
  </testcase>
  <testcase name="Q15TestCase1" classname="tu.Unittest" time="0.002"/>
  <testcase name="Q15TestCase2" classname="tu.Unittest" time="0.001">
    <failure message="expected: &lt;true&gt; but was: &lt;false&gt;" type="org.opentest4j.AssertionFailedError"><![CDATA[org.opentest4j.AssertionFailedError: expected: <true> but was: <false>
	at tu.Unittest.Q15TestCase2(Unittest.java:396)
]]></failure>
  </testcase>
  <testcase name="Q15TestCase3" classname="tu.Unittest" time="0"/>
  <testcase name="Q8TestCase1" classname="tu.Unittest" time="0.001"/>
  <testcase name="Q8TestCase2" classname="tu.Unittest" time="0.001"/>
  <testcase name="Q14TestCase1" classname="tu.Unittest" time="0.001"/>
  <testcase name="Q14TestCase2" classname="tu.Unittest" time="0.001">
    <failure message="expected: &lt;true&gt; but was: &lt;false&gt;" type="org.opentest4j.AssertionFailedError"><![CDATA[org.opentest4j.AssertionFailedError: expected: <true> but was: <false>
	at tu.Unittest.Q14TestCase2(Unittest.java:369)
]]></failure>
  </testcase>
  <testcase name="Q14TestCase3" classname="tu.Unittest" time="0.002">
    <failure message="expected: &lt;false&gt; but was: &lt;true&gt;" type="org.opentest4j.AssertionFailedError"><![CDATA[org.opentest4j.AssertionFailedError: expected: <false> but was: <true>
	at tu.Unittest.Q14TestCase3(Unittest.java:378)
]]></failure>
  </testcase>
  <testcase name="Q7TestCase1" classname="tu.Unittest" time="0.002"/>
  <testcase name="Q7TestCase2" classname="tu.Unittest" time="0.001"/>
  <testcase name="Q13TestCase1" classname="tu.Unittest" time="0.001"/>
  <testcase name="Q13TestCase2" classname="tu.Unittest" time="87.037">
    <failure message="expected: &lt;-2.98632863E8&gt; but was: &lt;1.2586269025E10&gt;" type="org.opentest4j.AssertionFailedError"><![CDATA[org.opentest4j.AssertionFailedError: expected: <-2.98632863E8> but was: <1.2586269025E10>
	at tu.Unittest.Q13TestCase2(Unittest.java:352)
]]></failure>
  </testcase>
  <testcase name="Q6TestCase1" classname="tu.Unittest" time="0.002"/>
  <testcase name="Q12TestCase1" classname="tu.Unittest" time="0.001"/>
  <testcase name="Q5TestCase1" classname="tu.Unittest" time="0"/>
  <testcase name="Q5TestCase2" classname="tu.Unittest" time="0"/>
  <testcase name="Q5TestCase3" classname="tu.Unittest" time="0"/>
  <testcase name="Q11TestCase1" classname="tu.Unittest" time="0.001"/>
  <testcase name="Q11TestCase2" classname="tu.Unittest" time="0.001">
    <failure message="expected: &lt;3.0E9&gt; but was: &lt;2.147483647E9&gt;" type="org.opentest4j.AssertionFailedError"><![CDATA[org.opentest4j.AssertionFailedError: expected: <3.0E9> but was: <2.147483647E9>
	at tu.Unittest.Q11TestCase2(Unittest.java:317)
]]></failure>
  </testcase>
  <testcase name="Q4TestCase1" classname="tu.Unittest" time="0.001"/>
  <testcase name="Q4TestCase2" classname="tu.Unittest" time="0.001">
    <failure message="Nhap sai roi, nhap lai b khac 0 di nguoi ae!!! " type="org.opentest4j.AssertionFailedError">org.opentest4j.AssertionFailedError: Nhap sai roi, nhap lai b khac 0 di nguoi ae!!! 
	at tu.Unittest.Q4TestCase2(Unittest.java:128)
</failure>
  </testcase>
  <testcase name="Q4TestCase3" classname="tu.Unittest" time="0.001">
    <failure message="expected: &lt;2.5&gt; but was: &lt;2.0&gt;" type="org.opentest4j.AssertionFailedError"><![CDATA[org.opentest4j.AssertionFailedError: expected: <2.5> but was: <2.0>
	at tu.Unittest.Q4TestCase3(Unittest.java:141)
]]></failure>
  </testcase>
  <testcase name="Q10TestCase1" classname="tu.Unittest" time="0.001"/>
  <testcase name="Q10TestCase2" classname="tu.Unittest" time="0"/>
  <testcase name="Q10TestCase3" classname="tu.Unittest" time="0"/>
  <testcase name="Q3TestCase1" classname="tu.Unittest" time="0.001"/>
  <testcase name="Q3TestCase2" classname="tu.Unittest" time="0.001">
    <failure message="expected: &lt;3.025E9&gt; but was: &lt;-1.269967296E9&gt;" type="org.opentest4j.AssertionFailedError"><![CDATA[org.opentest4j.AssertionFailedError: expected: <3.025E9> but was: <-1.269967296E9>
	at tu.Unittest.Q3TestCase2(Unittest.java:93)
]]></failure>
  </testcase>
  <testcase name="Q3TestCase3" classname="tu.Unittest" time="0.001">
    <failure message="expected: &lt;-3.025E9&gt; but was: &lt;1.269967296E9&gt;" type="org.opentest4j.AssertionFailedError"><![CDATA[org.opentest4j.AssertionFailedError: expected: <-3.025E9> but was: <1.269967296E9>
	at tu.Unittest.Q3TestCase3(Unittest.java:103)
]]></failure>
  </testcase>
  <testcase name="Q2TestCase1" classname="tu.Unittest" time="0.002"/>
  <testcase name="Q2TestCase2" classname="tu.Unittest" time="0.001">
    <failure message="expected: &lt;3.0E9&gt; but was: &lt;-1.294967296E9&gt;" type="org.opentest4j.AssertionFailedError"><![CDATA[org.opentest4j.AssertionFailedError: expected: <3.0E9> but was: <-1.294967296E9>
	at tu.Unittest.Q2TestCase2(Unittest.java:63)
]]></failure>
  </testcase>
  <testcase name="Q1TestCase1" classname="tu.Unittest" time="0.001"/>
  <testcase name="Q1TestCase2" classname="tu.Unittest" time="0.001">
    <failure message="expected: &lt;3.0E9&gt; but was: &lt;-1.294967296E9&gt;" type="org.opentest4j.AssertionFailedError"><![CDATA[org.opentest4j.AssertionFailedError: expected: <3.0E9> but was: <-1.294967296E9>
	at tu.Unittest.Q1TestCase2(Unittest.java:31)
]]></failure>
  </testcase>
  <testcase name="Q1TestCase3" classname="tu.Unittest" time="0.001">
    <failure message="expected: &lt;-3.0E9&gt; but was: &lt;1.294967296E9&gt;" type="org.opentest4j.AssertionFailedError"><![CDATA[org.opentest4j.AssertionFailedError: expected: <-3.0E9> but was: <1.294967296E9>
	at tu.Unittest.Q1TestCase3(Unittest.java:39)
]]></failure>
  </testcase>
  <testcase name="Q16TestCase22" classname="tu.Unittest" time="0.001">
    <failure message="expected: &lt;-3&gt; but was: &lt;-1&gt;" type="org.opentest4j.AssertionFailedError"><![CDATA[org.opentest4j.AssertionFailedError: expected: <-3> but was: <-1>
	at tu.Unittest.Q16TestCase22(Unittest.java:426)
]]></failure>
  </testcase>
  <testcase name="Q11TestCase12" classname="tu.Unittest" time="0.001"/>
  <testcase name="Q11TestCase22" classname="tu.Unittest" time="1.575">
    <failure message="expected: &lt;3.0E9&gt; but was: &lt;2.147483647E9&gt;" type="org.opentest4j.AssertionFailedError"><![CDATA[org.opentest4j.AssertionFailedError: expected: <3.0E9> but was: <2.147483647E9>
	at tu.Unittest.Q11TestCase22(Unittest.java:325)
]]></failure>
  </testcase>
  <testcase name="Q13TestCase12" classname="tu.Unittest" time="0.001"/>
</testsuite>