<?xml version="1.0" encoding="UTF-8"?>
<testsuite xmlns:xsi="http://www.w3.org/2001/XMLSchema-instance" xsi:noNamespaceSchemaLocation="https://maven.apache.org/surefire/maven-surefire-plugin/xsd/surefire-test-report.xsd" name="tu.Unittest" time="82.542" tests="1" errors="0" skipped="0" failures="1">
  <properties>
[...]
</properties>
  <testcase name="Q13TestCase2" classname="tu.Unittest" time="82.507">
    <failure message="expected: &lt;-2.98632863E8&gt; but was: &lt;1.2586269025E10&gt;" type="org.opentest4j.AssertionFailedError"><![CDATA[org.opentest4j.AssertionFailedError: expected: <-2.98632863E8> but was: <1.2586269025E10>
	at tu.Unittest.Q13TestCase2(Unittest.java:349)
]]></failure>
  </testcase>
</testsuite>