<?xml version="1.0" encoding="UTF-8"?>
<testsuite xmlns:xsi="http://www.w3.org/2001/XMLSchema-instance" xsi:noNamespaceSchemaLocation="https://maven.apache.org/surefire/maven-surefire-plugin/xsd/surefire-test-report.xsd" name="tu.Unittest" time="88.734" tests="48" errors="0" skipped="0" failures="23">
  <properties>
    <property name="java.specification.version" value="18"/>
    <property name="sun.cpu.isalist" value="amd64"/>
    <property name="sun.jnu.encoding" value="Cp1252"/>
    <property name="java.class.path" value="C:\Users\TrMTu\Documents\NetBeansProjects\unitest\target\test-classes;C:\Users\TrMTu\Documents\NetBeansProjects\unitest\target\classes;C:\Users\TrMTu\.m2\repository\org\junit\jupiter\junit-jupiter-api\5.6.0\junit-jupiter-api-5.6.0.jar;C:\Users\TrMTu\.m2\repository\org\apiguardian\apiguardian-api\1.1.0\apiguardian-api-1.1.0.jar;C:\Users\TrMTu\.m2\repository\org\opentest4j\opentest4j\1.2.0\opentest4j-1.2.0.jar;C:\Users\TrMTu\.m2\repository\org\junit\platform\junit-platform-commons\1.6.0\junit-platform-commons-1.6.0.jar;C:\Users\TrMTu\.m2\repository\org\junit\jupiter\junit-jupiter-params\5.6.0\junit-jupiter-params-5.6.0.jar;C:\Users\TrMTu\.m2\repository\org\junit\jupiter\junit-jupiter-engine\5.6.0\junit-jupiter-engine-5.6.0.jar;C:\Users\TrMTu\.m2\repository\org\junit\platform\junit-platform-engine\1.6.0\junit-platform-engine-1.6.0.jar;"/>
    <property name="java.vm.vendor" value="Oracle Corporation"/>
    <property name="sun.arch.data.model" value="64"/>
    <property name="user.variant" value=""/>
    <property name="java.vendor.url" value="https://java.oracle.com/"/>
    <property name="user.timezone" value="Asia/Saigon"/>
    <property name="os.name" value="Windows 10"/>
    <property name="java.vm.specification.version" value="18"/>
    <property name="user.country" value="US"/>
    <property name="sun.java.launcher" value="SUN_STANDARD"/>
    <property name="sun.boot.library.path" value="C:\Program Files\Java\jdk-18\bin"/>
    <property name="sun.java.command" value="C:\Users\TrMTu\AppData\Local\Temp\surefire4066406270540303926\surefirebooter14528350821046912024.jar C:\Users\TrMTu\AppData\Local\Temp\surefire4066406270540303926 2022-05-13T21-41-09_075-jvmRun1 surefire12020046661153075810tmp surefire_016846773679803674511tmp"/>
    <property name="jdk.debug" value="release"/>
    <property name="test" value="tu.Unittest"/>
    <property name="surefire.test.class.path" value="C:\Users\TrMTu\Documents\NetBeansProjects\unitest\target\test-classes;C:\Users\TrMTu\Documents\NetBeansProjects\unitest\target\classes;C:\Users\TrMTu\.m2\repository\org\junit\jupiter\junit-jupiter-api\5.6.0\junit-jupiter-api-5.6.0.jar;C:\Users\TrMTu\.m2\repository\org\apiguardian\apiguardian-api\1.1.0\apiguardian-api-1.1.0.jar;C:\Users\TrMTu\.m2\repository\org\opentest4j\opentest4j\1.2.0\opentest4j-1.2.0.jar;C:\Users\TrMTu\.m2\repository\org\junit\platform\junit-platform-commons\1.6.0\junit-platform-commons-1.6.0.jar;C:\Users\TrMTu\.m2\repository\org\junit\jupiter\junit-jupiter-params\5.6.0\junit-jupiter-params-5.6.0.jar;C:\Users\TrMTu\.m2\repository\org\junit\jupiter\junit-jupiter-engine\5.6.0\junit-jupiter-engine-5.6.0.jar;C:\Users\TrMTu\.m2\repository\org\junit\platform\junit-platform-engine\1.6.0\junit-platform-engine-1.6.0.jar;"/>
    <property name="sun.cpu.endian" value="little"/>
    <property name="user.home" value="C:\Users\TrMTu"/>
    <property name="user.language" value="en"/>
    <property name="java.specification.vendor" value="Oracle Corporation"/>
    <property name="java.version.date" value="2022-03-22"/>
    <property name="java.home" value="C:\Program Files\Java\jdk-18"/>
    <property name="file.separator" value="\"/>
    <property name="basedir" value="C:\Users\TrMTu\Documents\NetBeansProjects\unitest"/>
    <property name="java.vm.compressedOopsMode" value="32-bit"/>
    <property name="line.separator" value="&#10;"/>
    <property name="java.vm.specification.vendor" value="Oracle Corporation"/>
    <property name="java.specification.name" value="Java Platform API Specification"/>
    <property name="surefire.real.class.path" value="C:\Users\TrMTu\AppData\Local\Temp\surefire4066406270540303926\surefirebooter14528350821046912024.jar"/>
    <property name="user.script" value=""/>
    <property name="sun.management.compiler" value="HotSpot 64-Bit Tiered Compilers"/>
    <property name="java.runtime.version" value="18+36-2087"/>
    <property name="user.name" value="TrMTu"/>
    <property name="path.separator" value=";"/>
    <property name="os.version" value="10.0"/>
    <property name="java.runtime.name" value="Java(TM) SE Runtime Environment"/>
    <property name="file.encoding" value="UTF-8"/>
    <property name="java.vm.name" value="Java HotSpot(TM) 64-Bit Server VM"/>
    <property name="maven.ext.class.path" value="D:\NetBeans-13\netbeans\java\maven-nblib\netbeans-eventspy.jar"/>
    <property name="localRepository" value="C:\Users\TrMTu\.m2\repository"/>
    <property name="java.vendor.url.bug" value="https://bugreport.java.com/bugreport/"/>
    <property name="java.io.tmpdir" value="C:\Users\TrMTu\AppData\Local\Temp\"/>
    <property name="java.version" value="18"/>
    <property name="user.dir" value="C:\Users\TrMTu\Documents\NetBeansProjects\unitest"/>
    <property name="os.arch" value="amd64"/>
    <property name="java.vm.specification.name" value="Java Virtual Machine Specification"/>
    <property name="sun.os.patch.level" value=""/>
    <property name="native.encoding" value="Cp1252"/>
    <property name="java.library.path" value="C:\Program Files\Java\jdk-18\bin;C:\WINDOWS\Sun\Java\bin;C:\WINDOWS\system32;C:\WINDOWS;C:\Program Files\Common Files\Oracle\Java\javapath;C:\Program Files\Microsoft\jdk-11.0.12.7-hotspot\bin;C:\WINDOWS\system32;C:\WINDOWS;C:\WINDOWS\System32\Wbem;C:\WINDOWS\System32\WindowsPowerShell\v1.0\;C:\Program Files (x86)\IncrediBuild;C:\WINDOWS\System32\OpenSSH\;C:\Program Files\Microsoft SQL Server\150\Tools\Binn\;C:\Program Files\Microsoft SQL Server\Client SDK\ODBC\170\Tools\Binn\;C:\Program Files\Git\cmd;C:\Program Files\Java\jdk-18\bin\server;C:\ProgramData\chocolatey\bin;C:\Program Files\Java\jdk1.8.0_211\bin;C:\Android\android-sdk\tools;C:\Android\android-sdk\platform-tools;C:\Android\android-sdk\tools\bin;C:\Program Files\dotnet\;C:\Program Files\VisualSVN Server\bin;C:\Program Files\TortoiseSVN\bin;D:\ANT\apache-ant-1.10.12\bin;C:\Users\TrMTu\AppData\Local\Microsoft\WindowsApps;C:\Users\TrMTu\AppData\Local\GitHubDesktop\bin;C:\tools\dart-sdk\bin;C:\Users\TrMTu\AppData\Roaming\Pub\Cache\bin;;D:\Microsoft VS Code\bin;C:\tools\flutter\bin;C:\Users\TrMTu\.dotnet\tools;."/>
    <property name="java.vm.info" value="mixed mode, sharing"/>
    <property name="java.vendor" value="Oracle Corporation"/>
    <property name="java.vm.version" value="18+36-2087"/>
    <property name="sun.io.unicode.encoding" value="UnicodeLittle"/>
    <property name="java.class.version" value="62.0"/>
  </properties>
  <testcase name="Q17TestCase1" classname="tu.Unittest" time="0.027"/>
  <testcase name="Q17TestCase2" classname="tu.Unittest" time="0.011">
    <failure message="expected: &lt;6&gt; but was: &lt;0&gt;" type="org.opentest4j.AssertionFailedError"><![CDATA[org.opentest4j.AssertionFailedError: expected: <6> but was: <0>
	at tu.Unittest.Q17TestCase2(Unittest.java:457)
]]></failure>
  </testcase>
  <testcase name="Q17TestCase3" classname="tu.Unittest" time="0.002">
    <failure message="expected: &lt;5&gt; but was: &lt;0&gt;" type="org.opentest4j.AssertionFailedError"><![CDATA[org.opentest4j.AssertionFailedError: expected: <5> but was: <0>
	at tu.Unittest.Q17TestCase3(Unittest.java:467)
]]></failure>
  </testcase>
  <testcase name="Q17TestCase4" classname="tu.Unittest" time="0.001">
    <failure message="expected: &lt;5&gt; but was: &lt;0&gt;" type="org.opentest4j.AssertionFailedError"><![CDATA[org.opentest4j.AssertionFailedError: expected: <5> but was: <0>
	at tu.Unittest.Q17TestCase4(Unittest.java:472)
]]></failure>
  </testcase>
  <testcase name="Q16TestCase1" classname="tu.Unittest" time="0.008"/>
  <testcase name="Q16TestCase2" classname="tu.Unittest" time="0.002">
    <failure message="Nhap sai roi cha noi" type="org.opentest4j.AssertionFailedError">org.opentest4j.AssertionFailedError: Nhap sai roi cha noi
	at tu.Unittest.Q16TestCase2(Unittest.java:421)
</failure>
  </testcase>
  <testcase name="Q16TestCase3" classname="tu.Unittest" time="0.001">
    <failure message="Nhap sai roi cha" type="org.opentest4j.AssertionFailedError">org.opentest4j.AssertionFailedError: Nhap sai roi cha
	at tu.Unittest.Q16TestCase3(Unittest.java:434)
</failure>
  </testcase>
  <testcase name="Q16TestCase4" classname="tu.Unittest" time="0.001">
    <failure message="Nhap sai roi cha" type="org.opentest4j.AssertionFailedError">org.opentest4j.AssertionFailedError: Nhap sai roi cha
	at tu.Unittest.Q16TestCase4(Unittest.java:443)
</failure>
  </testcase>
  <testcase name="Q17TestCase22" classname="tu.Unittest" time="0.001">
    <failure message="expected: &lt;4&gt; but was: &lt;0&gt;" type="org.opentest4j.AssertionFailedError"><![CDATA[org.opentest4j.AssertionFailedError: expected: <4> but was: <0>
	at tu.Unittest.Q17TestCase22(Unittest.java:462)
]]></failure>
  </testcase>
  <testcase name="Q9TestCase1" classname="tu.Unittest" time="0.003">
    <failure message="expected: &lt;2&gt; but was: &lt;1&gt;" type="org.opentest4j.AssertionFailedError"><![CDATA[org.opentest4j.AssertionFailedError: expected: <2> but was: <1>
	at tu.Unittest.Q9TestCase1(Unittest.java:249)
]]></failure>
  </testcase>
  <testcase name="Q9TestCase2" classname="tu.Unittest" time="0.001">
    <failure message="expected: &lt;2&gt; but was: &lt;1&gt;" type="org.opentest4j.AssertionFailedError"><![CDATA[org.opentest4j.AssertionFailedError: expected: <2> but was: <1>
	at tu.Unittest.Q9TestCase2(Unittest.java:258)
]]></failure>
  </testcase>
  <testcase name="Q15TestCase1" classname="tu.Unittest" time="0.002"/>
  <testcase name="Q15TestCase2" classname="tu.Unittest" time="0.001">
    <failure message="expected: &lt;true&gt; but was: &lt;false&gt;" type="org.opentest4j.AssertionFailedError"><![CDATA[org.opentest4j.AssertionFailedError: expected: <true> but was: <false>
	at tu.Unittest.Q15TestCase2(Unittest.java:396)
]]></failure>
  </testcase>
  <testcase name="Q15TestCase3" classname="tu.Unittest" time="0"/>
  <testcase name="Q8TestCase1" classname="tu.Unittest" time="0.001"/>
  <testcase name="Q8TestCase2" classname="tu.Unittest" time="0.001"/>
  <testcase name="Q14TestCase1" classname="tu.Unittest" time="0.001"/>
  <testcase name="Q14TestCase2" classname="tu.Unittest" time="0.001">
    <failure message="expected: &lt;true&gt; but was: &lt;false&gt;" type="org.opentest4j.AssertionFailedError"><![CDATA[org.opentest4j.AssertionFailedError: expected: <true> but was: <false>
	at tu.Unittest.Q14TestCase2(Unittest.java:369)
]]></failure>
  </testcase>
  <testcase name="Q14TestCase3" classname="tu.Unittest" time="0.002">
    <failure message="expected: &lt;false&gt; but was: &lt;true&gt;" type="org.opentest4j.AssertionFailedError"><![CDATA[org.opentest4j.AssertionFailedError: expected: <false> but was: <true>
	at tu.Unittest.Q14TestCase3(Unittest.java:378)
]]></failure>
  </testcase>
  <testcase name="Q7TestCase1" classname="tu.Unittest" time="0.002"/>
  <testcase name="Q7TestCase2" classname="tu.Unittest" time="0.001"/>
  <testcase name="Q13TestCase1" classname="tu.Unittest" time="0.001"/>
  <testcase name="Q13TestCase2" classname="tu.Unittest" time="87.037">
    <failure message="expected: &lt;-2.98632863E8&gt; but was: &lt;1.2586269025E10&gt;" type="org.opentest4j.AssertionFailedError"><![CDATA[org.opentest4j.AssertionFailedError: expected: <-2.98632863E8> but was: <1.2586269025E10>
	at tu.Unittest.Q13TestCase2(Unittest.java:352)
]]></failure>
  </testcase>
  <testcase name="Q6TestCase1" classname="tu.Unittest" time="0.002"/>
  <testcase name="Q12TestCase1" classname="tu.Unittest" time="0.001"/>
  <testcase name="Q5TestCase1" classname="tu.Unittest" time="0"/>
  <testcase name="Q5TestCase2" classname="tu.Unittest" time="0"/>
  <testcase name="Q5TestCase3" classname="tu.Unittest" time="0"/>
  <testcase name="Q11TestCase1" classname="tu.Unittest" time="0.001"/>
  <testcase name="Q11TestCase2" classname="tu.Unittest" time="0.001">
    <failure message="expected: &lt;3.0E9&gt; but was: &lt;2.147483647E9&gt;" type="org.opentest4j.AssertionFailedError"><![CDATA[org.opentest4j.AssertionFailedError: expected: <3.0E9> but was: <2.147483647E9>
	at tu.Unittest.Q11TestCase2(Unittest.java:317)
]]></failure>
  </testcase>
  <testcase name="Q4TestCase1" classname="tu.Unittest" time="0.001"/>
  <testcase name="Q4TestCase2" classname="tu.Unittest" time="0.001">
    <failure message="Nhap sai roi, nhap lai b khac 0 di nguoi ae!!! " type="org.opentest4j.AssertionFailedError">org.opentest4j.AssertionFailedError: Nhap sai roi, nhap lai b khac 0 di nguoi ae!!! 
	at tu.Unittest.Q4TestCase2(Unittest.java:128)
</failure>
  </testcase>
  <testcase name="Q4TestCase3" classname="tu.Unittest" time="0.001">
    <failure message="expected: &lt;2.5&gt; but was: &lt;2.0&gt;" type="org.opentest4j.AssertionFailedError"><![CDATA[org.opentest4j.AssertionFailedError: expected: <2.5> but was: <2.0>
	at tu.Unittest.Q4TestCase3(Unittest.java:141)
]]></failure>
  </testcase>
  <testcase name="Q10TestCase1" classname="tu.Unittest" time="0.001"/>
  <testcase name="Q10TestCase2" classname="tu.Unittest" time="0"/>
  <testcase name="Q10TestCase3" classname="tu.Unittest" time="0"/>
  <testcase name="Q3TestCase1" classname="tu.Unittest" time="0.001"/>
  <testcase name="Q3TestCase2" classname="tu.Unittest" time="0.001">
    <failure message="expected: &lt;3.025E9&gt; but was: &lt;-1.269967296E9&gt;" type="org.opentest4j.AssertionFailedError"><![CDATA[org.opentest4j.AssertionFailedError: expected: <3.025E9> but was: <-1.269967296E9>
	at tu.Unittest.Q3TestCase2(Unittest.java:93)
]]></failure>
  </testcase>
  <testcase name="Q3TestCase3" classname="tu.Unittest" time="0.001">
    <failure message="expected: &lt;-3.025E9&gt; but was: &lt;1.269967296E9&gt;" type="org.opentest4j.AssertionFailedError"><![CDATA[org.opentest4j.AssertionFailedError: expected: <-3.025E9> but was: <1.269967296E9>
	at tu.Unittest.Q3TestCase3(Unittest.java:103)
]]></failure>
  </testcase>
  <testcase name="Q2TestCase1" classname="tu.Unittest" time="0.002"/>
  <testcase name="Q2TestCase2" classname="tu.Unittest" time="0.001">
    <failure message="expected: &lt;3.0E9&gt; but was: &lt;-1.294967296E9&gt;" type="org.opentest4j.AssertionFailedError"><![CDATA[org.opentest4j.AssertionFailedError: expected: <3.0E9> but was: <-1.294967296E9>
	at tu.Unittest.Q2TestCase2(Unittest.java:63)
]]></failure>
  </testcase>
  <testcase name="Q1TestCase1" classname="tu.Unittest" time="0.001"/>
  <testcase name="Q1TestCase2" classname="tu.Unittest" time="0.001">
    <failure message="expected: &lt;3.0E9&gt; but was: &lt;-1.294967296E9&gt;" type="org.opentest4j.AssertionFailedError"><![CDATA[org.opentest4j.AssertionFailedError: expected: <3.0E9> but was: <-1.294967296E9>
	at tu.Unittest.Q1TestCase2(Unittest.java:31)
]]></failure>
  </testcase>
  <testcase name="Q1TestCase3" classname="tu.Unittest" time="0.001">
    <failure message="expected: &lt;-3.0E9&gt; but was: &lt;1.294967296E9&gt;" type="org.opentest4j.AssertionFailedError"><![CDATA[org.opentest4j.AssertionFailedError: expected: <-3.0E9> but was: <1.294967296E9>
	at tu.Unittest.Q1TestCase3(Unittest.java:39)
]]></failure>
  </testcase>
  <testcase name="Q16TestCase22" classname="tu.Unittest" time="0.001">
    <failure message="expected: &lt;-3&gt; but was: &lt;-1&gt;" type="org.opentest4j.AssertionFailedError"><![CDATA[org.opentest4j.AssertionFailedError: expected: <-3> but was: <-1>
	at tu.Unittest.Q16TestCase22(Unittest.java:426)
]]></failure>
  </testcase>
  <testcase name="Q11TestCase12" classname="tu.Unittest" time="0.001"/>
  <testcase name="Q11TestCase22" classname="tu.Unittest" time="1.575">
    <failure message="expected: &lt;3.0E9&gt; but was: &lt;2.147483647E9&gt;" type="org.opentest4j.AssertionFailedError"><![CDATA[org.opentest4j.AssertionFailedError: expected: <3.0E9> but was: <2.147483647E9>
	at tu.Unittest.Q11TestCase22(Unittest.java:325)
]]></failure>
  </testcase>
  <testcase name="Q13TestCase12" classname="tu.Unittest" time="0.001"/>
</testsuite>