-------------------------------------------------------------------------------
Test set: tu.Unittest
-------------------------------------------------------------------------------
Tests run: 1, Failures: 1, Errors: 0, Skipped: 0, Time elapsed: 0.077 s <<< FAILURE! - in tu.Unittest
Q17TestCase22  Time elapsed: 0.058 s  <<< FAILURE!
org.opentest4j.AssertionFailedError: expected: <4> but was: <0>
	at tu.Unittest.Q17TestCase22(Unittest.java:462)

